Current configuration:
[NAME]		[DEFLT]	[VALUE]
-example	no	no
-help		no	no
-mixwfn			/Users/sandaru1/Desktop/personal/sinhala2/model_parameters/sinhala.ci_cont_flatinitial/mixture_weights
-moddeffn		/Users/sandaru1/Desktop/personal/sinhala2/model_architecture/sinhala.ci.mdef
-ndensity	256	1
-nstream	4	1
-tmatfn			/Users/sandaru1/Desktop/personal/sinhala2/model_parameters/sinhala.ci_cont_flatinitial/transition_matrices
-topo			/Users/sandaru1/Desktop/personal/sinhala2/model_architecture/sinhala.topology

INFO: model_def_io.c(573): Model definition info:
INFO: model_def_io.c(574): 16 total models defined (16 base, 0 tri)
INFO: model_def_io.c(575): 64 total states
INFO: model_def_io.c(576): 48 total tied states
INFO: model_def_io.c(577): 48 total tied CI states
INFO: model_def_io.c(578): 16 total tied transition matrices
INFO: model_def_io.c(579): 4 max state/model
INFO: model_def_io.c(580): 4 min state/model
INFO: s3tmat_io.c(176): Wrote /Users/sandaru1/Desktop/personal/sinhala2/model_parameters/sinhala.ci_cont_flatinitial/transition_matrices [16x3x4 array]
INFO: s3mixw_io.c(233): Wrote /Users/sandaru1/Desktop/personal/sinhala2/model_parameters/sinhala.ci_cont_flatinitial/mixture_weights [48x1x1 array]
main.c(83): Reading model definition file /Users/sandaru1/Desktop/personal/sinhala2/model_architecture/sinhala.ci.mdef
main.c(90): 16 models defined
Wed Nov 17 21:12:44 2021
