Current configuration:
[NAME]			[DEFLT]		[VALUE]
-alpha			0.97		9.700000e-01
-argfile				
-blocksize		2048		2048
-build_outdirs		yes		yes
-c					/Users/sandaru1/Desktop/personal/sinhala2/etc/sinhala_train.fileids
-cep2spec		no		no
-di					/Users/sandaru1/Desktop/personal/sinhala2/wav
-dither			no		no
-do					/Users/sandaru1/Desktop/personal/sinhala2/feat
-doublebw		no		no
-ei					wav
-eo					mfc
-example		no		no
-frate			100		100
-help			no		no
-i					
-input_endian		little		little
-lifter			0		22
-logspec		no		no
-lowerf			133.33334	1.300000e+02
-mach_endian		little		little
-mswav			no		yes
-ncep			13		13
-nchans			1		1
-nfft			512		512
-nfilt			40		25
-nist			no		no
-npart			0		1
-nskip			0		0
-o					
-ofmt			sphinx		sphinx
-part			0		1
-raw			no		no
-remove_dc		no		no
-remove_noise		yes		yes
-remove_silence		yes		yes
-round_filters		yes		yes
-runlen			-1		-1
-samprate		16000		1.600000e+04
-seed			-1		-1
-smoothspec		no		no
-spec2cep		no		no
-sph2pipe		no		no
-transform		legacy		dct
-unit_area		yes		yes
-upperf			6855.4976	6.800000e+03
-vad_postspeech		50		50
-vad_prespeech		20		20
-vad_startspeech	10		10
-vad_threshold		3.0		3.000000e+00
-verbose		no		no
-warp_params				
-warp_type		inverse_linear	inverse_linear
-whichchan		0		0
-wlen			0.025625	2.562500e-02

INFO: sphinx_fe.c(971): Processing all remaining utterances at position 0
INFO: sphinx_fe.c(791): Converting /Users/sandaru1/Desktop/personal/sinhala2/wav/user1/back.wav to /Users/sandaru1/Desktop/personal/sinhala2/feat/user1/back.mfc
INFO: sphinx_fe.c(791): Converting /Users/sandaru1/Desktop/personal/sinhala2/wav/user1/eight.wav to /Users/sandaru1/Desktop/personal/sinhala2/feat/user1/eight.mfc
INFO: sphinx_fe.c(791): Converting /Users/sandaru1/Desktop/personal/sinhala2/wav/user1/five.wav to /Users/sandaru1/Desktop/personal/sinhala2/feat/user1/five.mfc
INFO: sphinx_fe.c(791): Converting /Users/sandaru1/Desktop/personal/sinhala2/wav/user1/forward.wav to /Users/sandaru1/Desktop/personal/sinhala2/feat/user1/forward.mfc
INFO: sphinx_fe.c(791): Converting /Users/sandaru1/Desktop/personal/sinhala2/wav/user1/four.wav to /Users/sandaru1/Desktop/personal/sinhala2/feat/user1/four.mfc
INFO: sphinx_fe.c(791): Converting /Users/sandaru1/Desktop/personal/sinhala2/wav/user1/nine.wav to /Users/sandaru1/Desktop/personal/sinhala2/feat/user1/nine.mfc
INFO: sphinx_fe.c(791): Converting /Users/sandaru1/Desktop/personal/sinhala2/wav/user1/one.wav to /Users/sandaru1/Desktop/personal/sinhala2/feat/user1/one.mfc
INFO: sphinx_fe.c(791): Converting /Users/sandaru1/Desktop/personal/sinhala2/wav/user1/seven.wav to /Users/sandaru1/Desktop/personal/sinhala2/feat/user1/seven.mfc
INFO: sphinx_fe.c(791): Converting /Users/sandaru1/Desktop/personal/sinhala2/wav/user1/six.wav to /Users/sandaru1/Desktop/personal/sinhala2/feat/user1/six.mfc
INFO: sphinx_fe.c(791): Converting /Users/sandaru1/Desktop/personal/sinhala2/wav/user1/ten.wav to /Users/sandaru1/Desktop/personal/sinhala2/feat/user1/ten.mfc
INFO: sphinx_fe.c(791): Converting /Users/sandaru1/Desktop/personal/sinhala2/wav/user1/three.wav to /Users/sandaru1/Desktop/personal/sinhala2/feat/user1/three.mfc
INFO: sphinx_fe.c(791): Converting /Users/sandaru1/Desktop/personal/sinhala2/wav/user1/two.wav to /Users/sandaru1/Desktop/personal/sinhala2/feat/user1/two.mfc
INFO: sphinx_fe.c(791): Converting /Users/sandaru1/Desktop/personal/sinhala2/wav/user2/back.wav to /Users/sandaru1/Desktop/personal/sinhala2/feat/user2/back.mfc
INFO: sphinx_fe.c(791): Converting /Users/sandaru1/Desktop/personal/sinhala2/wav/user2/eight.wav to /Users/sandaru1/Desktop/personal/sinhala2/feat/user2/eight.mfc
INFO: sphinx_fe.c(791): Converting /Users/sandaru1/Desktop/personal/sinhala2/wav/user2/five.wav to /Users/sandaru1/Desktop/personal/sinhala2/feat/user2/five.mfc
INFO: sphinx_fe.c(791): Converting /Users/sandaru1/Desktop/personal/sinhala2/wav/user2/forward.wav to /Users/sandaru1/Desktop/personal/sinhala2/feat/user2/forward.mfc
INFO: sphinx_fe.c(791): Converting /Users/sandaru1/Desktop/personal/sinhala2/wav/user2/four.wav to /Users/sandaru1/Desktop/personal/sinhala2/feat/user2/four.mfc
INFO: sphinx_fe.c(791): Converting /Users/sandaru1/Desktop/personal/sinhala2/wav/user2/nine.wav to /Users/sandaru1/Desktop/personal/sinhala2/feat/user2/nine.mfc
INFO: sphinx_fe.c(791): Converting /Users/sandaru1/Desktop/personal/sinhala2/wav/user2/seven.wav to /Users/sandaru1/Desktop/personal/sinhala2/feat/user2/seven.mfc
INFO: sphinx_fe.c(791): Converting /Users/sandaru1/Desktop/personal/sinhala2/wav/user2/six.wav to /Users/sandaru1/Desktop/personal/sinhala2/feat/user2/six.mfc
INFO: sphinx_fe.c(791): Converting /Users/sandaru1/Desktop/personal/sinhala2/wav/user2/ten.wav to /Users/sandaru1/Desktop/personal/sinhala2/feat/user2/ten.mfc
INFO: sphinx_fe.c(791): Converting /Users/sandaru1/Desktop/personal/sinhala2/wav/user2/three.wav to /Users/sandaru1/Desktop/personal/sinhala2/feat/user2/three.mfc
INFO: sphinx_fe.c(791): Converting /Users/sandaru1/Desktop/personal/sinhala2/wav/user2/two.wav to /Users/sandaru1/Desktop/personal/sinhala2/feat/user2/two.mfc
Wed Nov 17 21:12:44 2021
